<?xml version="1.0" encoding="UTF-8"?>
<testsuite xmlns:xsi="http://www.w3.org/2001/XMLSchema-instance" xsi:noNamespaceSchemaLocation="https://maven.apache.org/surefire/maven-surefire-plugin/xsd/surefire-test-report.xsd" name="com.eternalrights.SsmpServerApplicationTests" time="4.157" tests="1" errors="0" skipped="0" failures="0">
  <properties>
    <property name="java.specification.version" value="21"/>
    <property name="sun.cpu.isalist" value="amd64"/>
    <property name="sun.jnu.encoding" value="GBK"/>
    <property name="java.class.path" value="D:\work\practice\self-developed project\Self-service-medicine-purchase\back-end-code\ssmp-all\ssmp\ssmp-server\target\test-classes;D:\work\practice\self-developed project\Self-service-medicine-purchase\back-end-code\ssmp-all\ssmp\ssmp-server\target\classes;D:\work\practice\Maven\apache-maven-3.9.4-bin\apache-maven-3.9.4\mvn_repo\com\EternalRights\ssmp-common\1.0-SNAPSHOT\ssmp-common-1.0-SNAPSHOT.jar;D:\work\practice\Maven\apache-maven-3.9.4-bin\apache-maven-3.9.4\mvn_repo\commons-lang\commons-lang\2.6\commons-lang-2.6.jar;D:\work\practice\Maven\apache-maven-3.9.4-bin\apache-maven-3.9.4\mvn_repo\org\springframework\boot\spring-boot-starter-json\2.7.3\spring-boot-starter-json-2.7.3.jar;D:\work\practice\Maven\apache-maven-3.9.4-bin\apache-maven-3.9.4\mvn_repo\com\fasterxml\jackson\datatype\jackson-datatype-jdk8\2.13.3\jackson-datatype-jdk8-2.13.3.jar;D:\work\practice\Maven\apache-maven-3.9.4-bin\apache-maven-3.9.4\mvn_repo\com\fasterxml\jackson\datatype\jackson-datatype-jsr310\2.13.3\jackson-datatype-jsr310-2.13.3.jar;D:\work\practice\Maven\apache-maven-3.9.4-bin\apache-maven-3.9.4\mvn_repo\com\fasterxml\jackson\module\jackson-module-parameter-names\2.13.3\jackson-module-parameter-names-2.13.3.jar;D:\work\practice\Maven\apache-maven-3.9.4-bin\apache-maven-3.9.4\mvn_repo\io\jsonwebtoken\jjwt\0.9.1\jjwt-0.9.1.jar;D:\work\practice\Maven\apache-maven-3.9.4-bin\apache-maven-3.9.4\mvn_repo\com\aliyun\oss\aliyun-sdk-oss\3.10.2\aliyun-sdk-oss-3.10.2.jar;D:\work\practice\Maven\apache-maven-3.9.4-bin\apache-maven-3.9.4\mvn_repo\org\apache\httpcomponents\httpclient\4.5.13\httpclient-4.5.13.jar;D:\work\practice\Maven\apache-maven-3.9.4-bin\apache-maven-3.9.4\mvn_repo\org\apache\httpcomponents\httpcore\4.4.15\httpcore-4.4.15.jar;D:\work\practice\Maven\apache-maven-3.9.4-bin\apache-maven-3.9.4\mvn_repo\org\jdom\jdom2\2.0.6.1\jdom2-2.0.6.1.jar;D:\work\practice\Maven\apache-maven-3.9.4-bin\apache-maven-3.9.4\mvn_repo\org\codehaus\jettison\jettison\1.1\jettison-1.1.jar;D:\work\practice\Maven\apache-maven-3.9.4-bin\apache-maven-3.9.4\mvn_repo\stax\stax-api\1.0.1\stax-api-1.0.1.jar;D:\work\practice\Maven\apache-maven-3.9.4-bin\apache-maven-3.9.4\mvn_repo\com\aliyun\aliyun-java-sdk-core\3.4.0\aliyun-java-sdk-core-3.4.0.jar;D:\work\practice\Maven\apache-maven-3.9.4-bin\apache-maven-3.9.4\mvn_repo\com\aliyun\aliyun-java-sdk-ram\3.0.0\aliyun-java-sdk-ram-3.0.0.jar;D:\work\practice\Maven\apache-maven-3.9.4-bin\apache-maven-3.9.4\mvn_repo\com\aliyun\aliyun-java-sdk-sts\3.0.0\aliyun-java-sdk-sts-3.0.0.jar;D:\work\practice\Maven\apache-maven-3.9.4-bin\apache-maven-3.9.4\mvn_repo\com\aliyun\aliyun-java-sdk-ecs\4.2.0\aliyun-java-sdk-ecs-4.2.0.jar;D:\work\practice\Maven\apache-maven-3.9.4-bin\apache-maven-3.9.4\mvn_repo\com\aliyun\aliyun-java-sdk-kms\2.7.0\aliyun-java-sdk-kms-2.7.0.jar;D:\work\practice\Maven\apache-maven-3.9.4-bin\apache-maven-3.9.4\mvn_repo\com\google\code\gson\gson\2.9.1\gson-2.9.1.jar;D:\work\practice\Maven\apache-maven-3.9.4-bin\apache-maven-3.9.4\mvn_repo\com\github\wechatpay-apiv3\wechatpay-apache-httpclient\0.4.8\wechatpay-apache-httpclient-0.4.8.jar;D:\work\practice\Maven\apache-maven-3.9.4-bin\apache-maven-3.9.4\mvn_repo\org\apache\httpcomponents\httpmime\4.5.13\httpmime-4.5.13.jar;D:\work\practice\Maven\apache-maven-3.9.4-bin\apache-maven-3.9.4\mvn_repo\com\EternalRights\ssmp-pojo\1.0-SNAPSHOT\ssmp-pojo-1.0-SNAPSHOT.jar;D:\work\practice\Maven\apache-maven-3.9.4-bin\apache-maven-3.9.4\mvn_repo\com\fasterxml\jackson\core\jackson-databind\2.13.3\jackson-databind-2.13.3.jar;D:\work\practice\Maven\apache-maven-3.9.4-bin\apache-maven-3.9.4\mvn_repo\com\fasterxml\jackson\core\jackson-annotations\2.13.3\jackson-annotations-2.13.3.jar;D:\work\practice\Maven\apache-maven-3.9.4-bin\apache-maven-3.9.4\mvn_repo\com\fasterxml\jackson\core\jackson-core\2.13.3\jackson-core-2.13.3.jar;D:\work\practice\Maven\apache-maven-3.9.4-bin\apache-maven-3.9.4\mvn_repo\org\springframework\boot\spring-boot-starter\2.7.3\spring-boot-starter-2.7.3.jar;D:\work\practice\Maven\apache-maven-3.9.4-bin\apache-maven-3.9.4\mvn_repo\org\springframework\boot\spring-boot\2.7.3\spring-boot-2.7.3.jar;D:\work\practice\Maven\apache-maven-3.9.4-bin\apache-maven-3.9.4\mvn_repo\org\springframework\spring-context\5.3.22\spring-context-5.3.22.jar;D:\work\practice\Maven\apache-maven-3.9.4-bin\apache-maven-3.9.4\mvn_repo\org\springframework\boot\spring-boot-autoconfigure\2.7.3\spring-boot-autoconfigure-2.7.3.jar;D:\work\practice\Maven\apache-maven-3.9.4-bin\apache-maven-3.9.4\mvn_repo\org\springframework\boot\spring-boot-starter-logging\2.7.3\spring-boot-starter-logging-2.7.3.jar;D:\work\practice\Maven\apache-maven-3.9.4-bin\apache-maven-3.9.4\mvn_repo\ch\qos\logback\logback-classic\1.2.11\logback-classic-1.2.11.jar;D:\work\practice\Maven\apache-maven-3.9.4-bin\apache-maven-3.9.4\mvn_repo\ch\qos\logback\logback-core\1.2.11\logback-core-1.2.11.jar;D:\work\practice\Maven\apache-maven-3.9.4-bin\apache-maven-3.9.4\mvn_repo\org\apache\logging\log4j\log4j-to-slf4j\2.17.2\log4j-to-slf4j-2.17.2.jar;D:\work\practice\Maven\apache-maven-3.9.4-bin\apache-maven-3.9.4\mvn_repo\org\apache\logging\log4j\log4j-api\2.17.2\log4j-api-2.17.2.jar;D:\work\practice\Maven\apache-maven-3.9.4-bin\apache-maven-3.9.4\mvn_repo\org\slf4j\jul-to-slf4j\1.7.36\jul-to-slf4j-1.7.36.jar;D:\work\practice\Maven\apache-maven-3.9.4-bin\apache-maven-3.9.4\mvn_repo\jakarta\annotation\jakarta.annotation-api\1.3.5\jakarta.annotation-api-1.3.5.jar;D:\work\practice\Maven\apache-maven-3.9.4-bin\apache-maven-3.9.4\mvn_repo\org\springframework\spring-core\5.3.22\spring-core-5.3.22.jar;D:\work\practice\Maven\apache-maven-3.9.4-bin\apache-maven-3.9.4\mvn_repo\org\springframework\spring-jcl\5.3.22\spring-jcl-5.3.22.jar;D:\work\practice\Maven\apache-maven-3.9.4-bin\apache-maven-3.9.4\mvn_repo\org\yaml\snakeyaml\1.30\snakeyaml-1.30.jar;D:\work\practice\Maven\apache-maven-3.9.4-bin\apache-maven-3.9.4\mvn_repo\org\springframework\boot\spring-boot-starter-test\2.7.3\spring-boot-starter-test-2.7.3.jar;D:\work\practice\Maven\apache-maven-3.9.4-bin\apache-maven-3.9.4\mvn_repo\org\springframework\boot\spring-boot-test\2.7.3\spring-boot-test-2.7.3.jar;D:\work\practice\Maven\apache-maven-3.9.4-bin\apache-maven-3.9.4\mvn_repo\org\springframework\boot\spring-boot-test-autoconfigure\2.7.3\spring-boot-test-autoconfigure-2.7.3.jar;D:\work\practice\Maven\apache-maven-3.9.4-bin\apache-maven-3.9.4\mvn_repo\com\jayway\jsonpath\json-path\2.7.0\json-path-2.7.0.jar;D:\work\practice\Maven\apache-maven-3.9.4-bin\apache-maven-3.9.4\mvn_repo\net\minidev\json-smart\2.4.8\json-smart-2.4.8.jar;D:\work\practice\Maven\apache-maven-3.9.4-bin\apache-maven-3.9.4\mvn_repo\net\minidev\accessors-smart\2.4.8\accessors-smart-2.4.8.jar;D:\work\practice\Maven\apache-maven-3.9.4-bin\apache-maven-3.9.4\mvn_repo\org\ow2\asm\asm\9.1\asm-9.1.jar;D:\work\practice\Maven\apache-maven-3.9.4-bin\apache-maven-3.9.4\mvn_repo\jakarta\xml\bind\jakarta.xml.bind-api\2.3.3\jakarta.xml.bind-api-2.3.3.jar;D:\work\practice\Maven\apache-maven-3.9.4-bin\apache-maven-3.9.4\mvn_repo\jakarta\activation\jakarta.activation-api\1.2.2\jakarta.activation-api-1.2.2.jar;D:\work\practice\Maven\apache-maven-3.9.4-bin\apache-maven-3.9.4\mvn_repo\org\assertj\assertj-core\3.22.0\assertj-core-3.22.0.jar;D:\work\practice\Maven\apache-maven-3.9.4-bin\apache-maven-3.9.4\mvn_repo\org\hamcrest\hamcrest\2.2\hamcrest-2.2.jar;D:\work\practice\Maven\apache-maven-3.9.4-bin\apache-maven-3.9.4\mvn_repo\org\junit\jupiter\junit-jupiter\5.8.2\junit-jupiter-5.8.2.jar;D:\work\practice\Maven\apache-maven-3.9.4-bin\apache-maven-3.9.4\mvn_repo\org\junit\jupiter\junit-jupiter-api\5.8.2\junit-jupiter-api-5.8.2.jar;D:\work\practice\Maven\apache-maven-3.9.4-bin\apache-maven-3.9.4\mvn_repo\org\opentest4j\opentest4j\1.2.0\opentest4j-1.2.0.jar;D:\work\practice\Maven\apache-maven-3.9.4-bin\apache-maven-3.9.4\mvn_repo\org\junit\platform\junit-platform-commons\1.8.2\junit-platform-commons-1.8.2.jar;D:\work\practice\Maven\apache-maven-3.9.4-bin\apache-maven-3.9.4\mvn_repo\org\apiguardian\apiguardian-api\1.1.2\apiguardian-api-1.1.2.jar;D:\work\practice\Maven\apache-maven-3.9.4-bin\apache-maven-3.9.4\mvn_repo\org\junit\jupiter\junit-jupiter-params\5.8.2\junit-jupiter-params-5.8.2.jar;D:\work\practice\Maven\apache-maven-3.9.4-bin\apache-maven-3.9.4\mvn_repo\org\junit\jupiter\junit-jupiter-engine\5.8.2\junit-jupiter-engine-5.8.2.jar;D:\work\practice\Maven\apache-maven-3.9.4-bin\apache-maven-3.9.4\mvn_repo\org\junit\platform\junit-platform-engine\1.8.2\junit-platform-engine-1.8.2.jar;D:\work\practice\Maven\apache-maven-3.9.4-bin\apache-maven-3.9.4\mvn_repo\org\mockito\mockito-core\4.5.1\mockito-core-4.5.1.jar;D:\work\practice\Maven\apache-maven-3.9.4-bin\apache-maven-3.9.4\mvn_repo\net\bytebuddy\byte-buddy\1.12.13\byte-buddy-1.12.13.jar;D:\work\practice\Maven\apache-maven-3.9.4-bin\apache-maven-3.9.4\mvn_repo\net\bytebuddy\byte-buddy-agent\1.12.13\byte-buddy-agent-1.12.13.jar;D:\work\practice\Maven\apache-maven-3.9.4-bin\apache-maven-3.9.4\mvn_repo\org\objenesis\objenesis\3.2\objenesis-3.2.jar;D:\work\practice\Maven\apache-maven-3.9.4-bin\apache-maven-3.9.4\mvn_repo\org\mockito\mockito-junit-jupiter\4.5.1\mockito-junit-jupiter-4.5.1.jar;D:\work\practice\Maven\apache-maven-3.9.4-bin\apache-maven-3.9.4\mvn_repo\org\skyscreamer\jsonassert\1.5.1\jsonassert-1.5.1.jar;D:\work\practice\Maven\apache-maven-3.9.4-bin\apache-maven-3.9.4\mvn_repo\com\vaadin\external\google\android-json\0.0.20131108.vaadin1\android-json-0.0.20131108.vaadin1.jar;D:\work\practice\Maven\apache-maven-3.9.4-bin\apache-maven-3.9.4\mvn_repo\org\springframework\spring-test\5.3.22\spring-test-5.3.22.jar;D:\work\practice\Maven\apache-maven-3.9.4-bin\apache-maven-3.9.4\mvn_repo\org\xmlunit\xmlunit-core\2.9.0\xmlunit-core-2.9.0.jar;D:\work\practice\Maven\apache-maven-3.9.4-bin\apache-maven-3.9.4\mvn_repo\org\springframework\boot\spring-boot-starter-web\2.7.3\spring-boot-starter-web-2.7.3.jar;D:\work\practice\Maven\apache-maven-3.9.4-bin\apache-maven-3.9.4\mvn_repo\org\springframework\boot\spring-boot-starter-tomcat\2.7.3\spring-boot-starter-tomcat-2.7.3.jar;D:\work\practice\Maven\apache-maven-3.9.4-bin\apache-maven-3.9.4\mvn_repo\org\apache\tomcat\embed\tomcat-embed-core\9.0.65\tomcat-embed-core-9.0.65.jar;D:\work\practice\Maven\apache-maven-3.9.4-bin\apache-maven-3.9.4\mvn_repo\org\apache\tomcat\embed\tomcat-embed-el\9.0.65\tomcat-embed-el-9.0.65.jar;D:\work\practice\Maven\apache-maven-3.9.4-bin\apache-maven-3.9.4\mvn_repo\org\apache\tomcat\embed\tomcat-embed-websocket\9.0.65\tomcat-embed-websocket-9.0.65.jar;D:\work\practice\Maven\apache-maven-3.9.4-bin\apache-maven-3.9.4\mvn_repo\org\springframework\spring-web\5.3.22\spring-web-5.3.22.jar;D:\work\practice\Maven\apache-maven-3.9.4-bin\apache-maven-3.9.4\mvn_repo\org\springframework\spring-beans\5.3.22\spring-beans-5.3.22.jar;D:\work\practice\Maven\apache-maven-3.9.4-bin\apache-maven-3.9.4\mvn_repo\org\springframework\spring-webmvc\5.3.22\spring-webmvc-5.3.22.jar;D:\work\practice\Maven\apache-maven-3.9.4-bin\apache-maven-3.9.4\mvn_repo\org\springframework\spring-aop\5.3.22\spring-aop-5.3.22.jar;D:\work\practice\Maven\apache-maven-3.9.4-bin\apache-maven-3.9.4\mvn_repo\org\springframework\spring-expression\5.3.22\spring-expression-5.3.22.jar;D:\work\practice\Maven\apache-maven-3.9.4-bin\apache-maven-3.9.4\mvn_repo\mysql\mysql-connector-java\8.0.30\mysql-connector-java-8.0.30.jar;D:\work\practice\Maven\apache-maven-3.9.4-bin\apache-maven-3.9.4\mvn_repo\org\mybatis\spring\boot\mybatis-spring-boot-starter\2.2.0\mybatis-spring-boot-starter-2.2.0.jar;D:\work\practice\Maven\apache-maven-3.9.4-bin\apache-maven-3.9.4\mvn_repo\org\springframework\boot\spring-boot-starter-jdbc\2.7.3\spring-boot-starter-jdbc-2.7.3.jar;D:\work\practice\Maven\apache-maven-3.9.4-bin\apache-maven-3.9.4\mvn_repo\com\zaxxer\HikariCP\4.0.3\HikariCP-4.0.3.jar;D:\work\practice\Maven\apache-maven-3.9.4-bin\apache-maven-3.9.4\mvn_repo\org\springframework\spring-jdbc\5.3.22\spring-jdbc-5.3.22.jar;D:\work\practice\Maven\apache-maven-3.9.4-bin\apache-maven-3.9.4\mvn_repo\org\mybatis\spring\boot\mybatis-spring-boot-autoconfigure\2.2.0\mybatis-spring-boot-autoconfigure-2.2.0.jar;D:\work\practice\Maven\apache-maven-3.9.4-bin\apache-maven-3.9.4\mvn_repo\org\mybatis\mybatis\3.5.7\mybatis-3.5.7.jar;D:\work\practice\Maven\apache-maven-3.9.4-bin\apache-maven-3.9.4\mvn_repo\org\mybatis\mybatis-spring\2.0.6\mybatis-spring-2.0.6.jar;D:\work\practice\Maven\apache-maven-3.9.4-bin\apache-maven-3.9.4\mvn_repo\org\projectlombok\lombok\1.18.30\lombok-1.18.30.jar;D:\work\practice\Maven\apache-maven-3.9.4-bin\apache-maven-3.9.4\mvn_repo\com\alibaba\fastjson\1.2.76\fastjson-1.2.76.jar;D:\work\practice\Maven\apache-maven-3.9.4-bin\apache-maven-3.9.4\mvn_repo\com\alibaba\druid-spring-boot-starter\1.2.1\druid-spring-boot-starter-1.2.1.jar;D:\work\practice\Maven\apache-maven-3.9.4-bin\apache-maven-3.9.4\mvn_repo\com\alibaba\druid\1.2.1\druid-1.2.1.jar;D:\work\practice\Maven\apache-maven-3.9.4-bin\apache-maven-3.9.4\mvn_repo\javax\annotation\javax.annotation-api\1.3.2\javax.annotation-api-1.3.2.jar;D:\work\practice\Maven\apache-maven-3.9.4-bin\apache-maven-3.9.4\mvn_repo\org\slf4j\slf4j-api\1.7.36\slf4j-api-1.7.36.jar;D:\work\practice\Maven\apache-maven-3.9.4-bin\apache-maven-3.9.4\mvn_repo\com\github\pagehelper\pagehelper-spring-boot-starter\1.3.0\pagehelper-spring-boot-starter-1.3.0.jar;D:\work\practice\Maven\apache-maven-3.9.4-bin\apache-maven-3.9.4\mvn_repo\com\github\pagehelper\pagehelper-spring-boot-autoconfigure\1.3.0\pagehelper-spring-boot-autoconfigure-1.3.0.jar;D:\work\practice\Maven\apache-maven-3.9.4-bin\apache-maven-3.9.4\mvn_repo\com\github\pagehelper\pagehelper\5.2.0\pagehelper-5.2.0.jar;D:\work\practice\Maven\apache-maven-3.9.4-bin\apache-maven-3.9.4\mvn_repo\com\github\jsqlparser\jsqlparser\3.2\jsqlparser-3.2.jar;D:\work\practice\Maven\apache-maven-3.9.4-bin\apache-maven-3.9.4\mvn_repo\org\aspectj\aspectjrt\1.9.4\aspectjrt-1.9.4.jar;D:\work\practice\Maven\apache-maven-3.9.4-bin\apache-maven-3.9.4\mvn_repo\org\aspectj\aspectjweaver\1.9.4\aspectjweaver-1.9.4.jar;D:\work\practice\Maven\apache-maven-3.9.4-bin\apache-maven-3.9.4\mvn_repo\com\github\xiaoymin\knife4j-spring-boot-starter\3.0.2\knife4j-spring-boot-starter-3.0.2.jar;D:\work\practice\Maven\apache-maven-3.9.4-bin\apache-maven-3.9.4\mvn_repo\com\github\xiaoymin\knife4j-spring-boot-autoconfigure\3.0.2\knife4j-spring-boot-autoconfigure-3.0.2.jar;D:\work\practice\Maven\apache-maven-3.9.4-bin\apache-maven-3.9.4\mvn_repo\com\github\xiaoymin\knife4j-spring\3.0.2\knife4j-spring-3.0.2.jar;D:\work\practice\Maven\apache-maven-3.9.4-bin\apache-maven-3.9.4\mvn_repo\com\github\xiaoymin\knife4j-annotations\3.0.2\knife4j-annotations-3.0.2.jar;D:\work\practice\Maven\apache-maven-3.9.4-bin\apache-maven-3.9.4\mvn_repo\io\swagger\swagger-annotations\1.5.22\swagger-annotations-1.5.22.jar;D:\work\practice\Maven\apache-maven-3.9.4-bin\apache-maven-3.9.4\mvn_repo\io\swagger\core\v3\swagger-annotations\2.1.2\swagger-annotations-2.1.2.jar;D:\work\practice\Maven\apache-maven-3.9.4-bin\apache-maven-3.9.4\mvn_repo\com\github\xiaoymin\knife4j-core\3.0.2\knife4j-core-3.0.2.jar;D:\work\practice\Maven\apache-maven-3.9.4-bin\apache-maven-3.9.4\mvn_repo\org\javassist\javassist\3.25.0-GA\javassist-3.25.0-GA.jar;D:\work\practice\Maven\apache-maven-3.9.4-bin\apache-maven-3.9.4\mvn_repo\io\springfox\springfox-swagger2\3.0.0\springfox-swagger2-3.0.0.jar;D:\work\practice\Maven\apache-maven-3.9.4-bin\apache-maven-3.9.4\mvn_repo\io\springfox\springfox-spi\3.0.0\springfox-spi-3.0.0.jar;D:\work\practice\Maven\apache-maven-3.9.4-bin\apache-maven-3.9.4\mvn_repo\io\springfox\springfox-schema\3.0.0\springfox-schema-3.0.0.jar;D:\work\practice\Maven\apache-maven-3.9.4-bin\apache-maven-3.9.4\mvn_repo\io\springfox\springfox-swagger-common\3.0.0\springfox-swagger-common-3.0.0.jar;D:\work\practice\Maven\apache-maven-3.9.4-bin\apache-maven-3.9.4\mvn_repo\io\springfox\springfox-spring-web\3.0.0\springfox-spring-web-3.0.0.jar;D:\work\practice\Maven\apache-maven-3.9.4-bin\apache-maven-3.9.4\mvn_repo\io\github\classgraph\classgraph\4.8.83\classgraph-4.8.83.jar;D:\work\practice\Maven\apache-maven-3.9.4-bin\apache-maven-3.9.4\mvn_repo\io\springfox\springfox-spring-webflux\3.0.0\springfox-spring-webflux-3.0.0.jar;D:\work\practice\Maven\apache-maven-3.9.4-bin\apache-maven-3.9.4\mvn_repo\org\mapstruct\mapstruct\1.3.1.Final\mapstruct-1.3.1.Final.jar;D:\work\practice\Maven\apache-maven-3.9.4-bin\apache-maven-3.9.4\mvn_repo\io\springfox\springfox-spring-webmvc\3.0.0\springfox-spring-webmvc-3.0.0.jar;D:\work\practice\Maven\apache-maven-3.9.4-bin\apache-maven-3.9.4\mvn_repo\io\springfox\springfox-core\3.0.0\springfox-core-3.0.0.jar;D:\work\practice\Maven\apache-maven-3.9.4-bin\apache-maven-3.9.4\mvn_repo\io\springfox\springfox-oas\3.0.0\springfox-oas-3.0.0.jar;D:\work\practice\Maven\apache-maven-3.9.4-bin\apache-maven-3.9.4\mvn_repo\io\swagger\core\v3\swagger-models\2.1.2\swagger-models-2.1.2.jar;D:\work\practice\Maven\apache-maven-3.9.4-bin\apache-maven-3.9.4\mvn_repo\io\springfox\springfox-bean-validators\3.0.0\springfox-bean-validators-3.0.0.jar;D:\work\practice\Maven\apache-maven-3.9.4-bin\apache-maven-3.9.4\mvn_repo\io\swagger\swagger-models\1.5.22\swagger-models-1.5.22.jar;D:\work\practice\Maven\apache-maven-3.9.4-bin\apache-maven-3.9.4\mvn_repo\io\swagger\swagger-core\1.5.22\swagger-core-1.5.22.jar;D:\work\practice\Maven\apache-maven-3.9.4-bin\apache-maven-3.9.4\mvn_repo\org\apache\commons\commons-lang3\3.12.0\commons-lang3-3.12.0.jar;D:\work\practice\Maven\apache-maven-3.9.4-bin\apache-maven-3.9.4\mvn_repo\com\fasterxml\jackson\dataformat\jackson-dataformat-yaml\2.13.3\jackson-dataformat-yaml-2.13.3.jar;D:\work\practice\Maven\apache-maven-3.9.4-bin\apache-maven-3.9.4\mvn_repo\com\google\guava\guava\27.0.1-android\guava-27.0.1-android.jar;D:\work\practice\Maven\apache-maven-3.9.4-bin\apache-maven-3.9.4\mvn_repo\com\google\guava\failureaccess\1.0.1\failureaccess-1.0.1.jar;D:\work\practice\Maven\apache-maven-3.9.4-bin\apache-maven-3.9.4\mvn_repo\com\google\guava\listenablefuture\9999.0-empty-to-avoid-conflict-with-guava\listenablefuture-9999.0-empty-to-avoid-conflict-with-guava.jar;D:\work\practice\Maven\apache-maven-3.9.4-bin\apache-maven-3.9.4\mvn_repo\com\google\code\findbugs\jsr305\3.0.2\jsr305-3.0.2.jar;D:\work\practice\Maven\apache-maven-3.9.4-bin\apache-maven-3.9.4\mvn_repo\org\checkerframework\checker-compat-qual\2.5.2\checker-compat-qual-2.5.2.jar;D:\work\practice\Maven\apache-maven-3.9.4-bin\apache-maven-3.9.4\mvn_repo\com\google\errorprone\error_prone_annotations\2.2.0\error_prone_annotations-2.2.0.jar;D:\work\practice\Maven\apache-maven-3.9.4-bin\apache-maven-3.9.4\mvn_repo\com\google\j2objc\j2objc-annotations\1.1\j2objc-annotations-1.1.jar;D:\work\practice\Maven\apache-maven-3.9.4-bin\apache-maven-3.9.4\mvn_repo\org\codehaus\mojo\animal-sniffer-annotations\1.17\animal-sniffer-annotations-1.17.jar;D:\work\practice\Maven\apache-maven-3.9.4-bin\apache-maven-3.9.4\mvn_repo\javax\validation\validation-api\2.0.1.Final\validation-api-2.0.1.Final.jar;D:\work\practice\Maven\apache-maven-3.9.4-bin\apache-maven-3.9.4\mvn_repo\io\springfox\springfox-boot-starter\3.0.0\springfox-boot-starter-3.0.0.jar;D:\work\practice\Maven\apache-maven-3.9.4-bin\apache-maven-3.9.4\mvn_repo\io\springfox\springfox-data-rest\3.0.0\springfox-data-rest-3.0.0.jar;D:\work\practice\Maven\apache-maven-3.9.4-bin\apache-maven-3.9.4\mvn_repo\com\fasterxml\classmate\1.5.1\classmate-1.5.1.jar;D:\work\practice\Maven\apache-maven-3.9.4-bin\apache-maven-3.9.4\mvn_repo\org\springframework\plugin\spring-plugin-core\2.0.0.RELEASE\spring-plugin-core-2.0.0.RELEASE.jar;D:\work\practice\Maven\apache-maven-3.9.4-bin\apache-maven-3.9.4\mvn_repo\org\springframework\plugin\spring-plugin-metadata\2.0.0.RELEASE\spring-plugin-metadata-2.0.0.RELEASE.jar;D:\work\practice\Maven\apache-maven-3.9.4-bin\apache-maven-3.9.4\mvn_repo\com\github\xiaoymin\knife4j-spring-ui\3.0.2\knife4j-spring-ui-3.0.2.jar;D:\work\practice\Maven\apache-maven-3.9.4-bin\apache-maven-3.9.4\mvn_repo\org\springframework\boot\spring-boot-starter-data-redis\2.7.3\spring-boot-starter-data-redis-2.7.3.jar;D:\work\practice\Maven\apache-maven-3.9.4-bin\apache-maven-3.9.4\mvn_repo\org\springframework\data\spring-data-redis\2.7.2\spring-data-redis-2.7.2.jar;D:\work\practice\Maven\apache-maven-3.9.4-bin\apache-maven-3.9.4\mvn_repo\org\springframework\data\spring-data-keyvalue\2.7.2\spring-data-keyvalue-2.7.2.jar;D:\work\practice\Maven\apache-maven-3.9.4-bin\apache-maven-3.9.4\mvn_repo\org\springframework\data\spring-data-commons\2.7.2\spring-data-commons-2.7.2.jar;D:\work\practice\Maven\apache-maven-3.9.4-bin\apache-maven-3.9.4\mvn_repo\org\springframework\spring-tx\5.3.22\spring-tx-5.3.22.jar;D:\work\practice\Maven\apache-maven-3.9.4-bin\apache-maven-3.9.4\mvn_repo\org\springframework\spring-oxm\5.3.22\spring-oxm-5.3.22.jar;D:\work\practice\Maven\apache-maven-3.9.4-bin\apache-maven-3.9.4\mvn_repo\io\lettuce\lettuce-core\6.1.9.RELEASE\lettuce-core-6.1.9.RELEASE.jar;D:\work\practice\Maven\apache-maven-3.9.4-bin\apache-maven-3.9.4\mvn_repo\io\netty\netty-common\4.1.79.Final\netty-common-4.1.79.Final.jar;D:\work\practice\Maven\apache-maven-3.9.4-bin\apache-maven-3.9.4\mvn_repo\io\netty\netty-handler\4.1.79.Final\netty-handler-4.1.79.Final.jar;D:\work\practice\Maven\apache-maven-3.9.4-bin\apache-maven-3.9.4\mvn_repo\io\netty\netty-resolver\4.1.79.Final\netty-resolver-4.1.79.Final.jar;D:\work\practice\Maven\apache-maven-3.9.4-bin\apache-maven-3.9.4\mvn_repo\io\netty\netty-buffer\4.1.79.Final\netty-buffer-4.1.79.Final.jar;D:\work\practice\Maven\apache-maven-3.9.4-bin\apache-maven-3.9.4\mvn_repo\io\netty\netty-transport-native-unix-common\4.1.79.Final\netty-transport-native-unix-common-4.1.79.Final.jar;D:\work\practice\Maven\apache-maven-3.9.4-bin\apache-maven-3.9.4\mvn_repo\io\netty\netty-codec\4.1.79.Final\netty-codec-4.1.79.Final.jar;D:\work\practice\Maven\apache-maven-3.9.4-bin\apache-maven-3.9.4\mvn_repo\io\netty\netty-transport\4.1.79.Final\netty-transport-4.1.79.Final.jar;D:\work\practice\Maven\apache-maven-3.9.4-bin\apache-maven-3.9.4\mvn_repo\io\projectreactor\reactor-core\3.4.22\reactor-core-3.4.22.jar;D:\work\practice\Maven\apache-maven-3.9.4-bin\apache-maven-3.9.4\mvn_repo\org\reactivestreams\reactive-streams\1.0.4\reactive-streams-1.0.4.jar;D:\work\practice\Maven\apache-maven-3.9.4-bin\apache-maven-3.9.4\mvn_repo\org\springframework\boot\spring-boot-starter-cache\2.7.3\spring-boot-starter-cache-2.7.3.jar;D:\work\practice\Maven\apache-maven-3.9.4-bin\apache-maven-3.9.4\mvn_repo\org\springframework\spring-context-support\5.3.22\spring-context-support-5.3.22.jar;D:\work\practice\Maven\apache-maven-3.9.4-bin\apache-maven-3.9.4\mvn_repo\org\springframework\boot\spring-boot-starter-websocket\2.7.3\spring-boot-starter-websocket-2.7.3.jar;D:\work\practice\Maven\apache-maven-3.9.4-bin\apache-maven-3.9.4\mvn_repo\org\springframework\spring-messaging\5.3.22\spring-messaging-5.3.22.jar;D:\work\practice\Maven\apache-maven-3.9.4-bin\apache-maven-3.9.4\mvn_repo\org\springframework\spring-websocket\5.3.22\spring-websocket-5.3.22.jar;D:\work\practice\Maven\apache-maven-3.9.4-bin\apache-maven-3.9.4\mvn_repo\javax\xml\bind\jaxb-api\2.3.1\jaxb-api-2.3.1.jar;D:\work\practice\Maven\apache-maven-3.9.4-bin\apache-maven-3.9.4\mvn_repo\javax\activation\javax.activation-api\1.2.0\javax.activation-api-1.2.0.jar;D:\work\practice\Maven\apache-maven-3.9.4-bin\apache-maven-3.9.4\mvn_repo\org\apache\poi\poi\3.16\poi-3.16.jar;D:\work\practice\Maven\apache-maven-3.9.4-bin\apache-maven-3.9.4\mvn_repo\commons-codec\commons-codec\1.15\commons-codec-1.15.jar;D:\work\practice\Maven\apache-maven-3.9.4-bin\apache-maven-3.9.4\mvn_repo\org\apache\commons\commons-collections4\4.1\commons-collections4-4.1.jar;D:\work\practice\Maven\apache-maven-3.9.4-bin\apache-maven-3.9.4\mvn_repo\org\apache\poi\poi-ooxml\3.16\poi-ooxml-3.16.jar;D:\work\practice\Maven\apache-maven-3.9.4-bin\apache-maven-3.9.4\mvn_repo\org\apache\poi\poi-ooxml-schemas\3.16\poi-ooxml-schemas-3.16.jar;D:\work\practice\Maven\apache-maven-3.9.4-bin\apache-maven-3.9.4\mvn_repo\org\apache\xmlbeans\xmlbeans\2.6.0\xmlbeans-2.6.0.jar;D:\work\practice\Maven\apache-maven-3.9.4-bin\apache-maven-3.9.4\mvn_repo\com\github\virtuald\curvesapi\1.04\curvesapi-1.04.jar;"/>
    <property name="java.vm.vendor" value="Oracle Corporation"/>
    <property name="sun.arch.data.model" value="64"/>
    <property name="user.variant" value=""/>
    <property name="java.vendor.url" value="https://java.oracle.com/"/>
    <property name="user.timezone" value="Asia/Shanghai"/>
    <property name="os.name" value="Windows 11"/>
    <property name="java.vm.specification.version" value="21"/>
    <property name="user.country" value="CN"/>
    <property name="sun.java.launcher" value="SUN_STANDARD"/>
    <property name="sun.boot.library.path" value="D:\ProgramHere\java\jdk-21_windows-x64_bin\jdk-21.0.6\bin"/>
    <property name="sun.java.command" value="C:\Users\YANGQU~1\AppData\Local\Temp\surefire14251535745971577791\surefirebooter12202561307414040313.jar C:\Users\yangquanheng\AppData\Local\Temp\surefire14251535745971577791 2025-10-08T20-09-27_733-jvmRun1 surefire12528602813490614101tmp surefire_011630837484082076177tmp"/>
    <property name="jdk.debug" value="release"/>
    <property name="surefire.test.class.path" value="D:\work\practice\self-developed project\Self-service-medicine-purchase\back-end-code\ssmp-all\ssmp\ssmp-server\target\test-classes;D:\work\practice\self-developed project\Self-service-medicine-purchase\back-end-code\ssmp-all\ssmp\ssmp-server\target\classes;D:\work\practice\Maven\apache-maven-3.9.4-bin\apache-maven-3.9.4\mvn_repo\com\EternalRights\ssmp-common\1.0-SNAPSHOT\ssmp-common-1.0-SNAPSHOT.jar;D:\work\practice\Maven\apache-maven-3.9.4-bin\apache-maven-3.9.4\mvn_repo\commons-lang\commons-lang\2.6\commons-lang-2.6.jar;D:\work\practice\Maven\apache-maven-3.9.4-bin\apache-maven-3.9.4\mvn_repo\org\springframework\boot\spring-boot-starter-json\2.7.3\spring-boot-starter-json-2.7.3.jar;D:\work\practice\Maven\apache-maven-3.9.4-bin\apache-maven-3.9.4\mvn_repo\com\fasterxml\jackson\datatype\jackson-datatype-jdk8\2.13.3\jackson-datatype-jdk8-2.13.3.jar;D:\work\practice\Maven\apache-maven-3.9.4-bin\apache-maven-3.9.4\mvn_repo\com\fasterxml\jackson\datatype\jackson-datatype-jsr310\2.13.3\jackson-datatype-jsr310-2.13.3.jar;D:\work\practice\Maven\apache-maven-3.9.4-bin\apache-maven-3.9.4\mvn_repo\com\fasterxml\jackson\module\jackson-module-parameter-names\2.13.3\jackson-module-parameter-names-2.13.3.jar;D:\work\practice\Maven\apache-maven-3.9.4-bin\apache-maven-3.9.4\mvn_repo\io\jsonwebtoken\jjwt\0.9.1\jjwt-0.9.1.jar;D:\work\practice\Maven\apache-maven-3.9.4-bin\apache-maven-3.9.4\mvn_repo\com\aliyun\oss\aliyun-sdk-oss\3.10.2\aliyun-sdk-oss-3.10.2.jar;D:\work\practice\Maven\apache-maven-3.9.4-bin\apache-maven-3.9.4\mvn_repo\org\apache\httpcomponents\httpclient\4.5.13\httpclient-4.5.13.jar;D:\work\practice\Maven\apache-maven-3.9.4-bin\apache-maven-3.9.4\mvn_repo\org\apache\httpcomponents\httpcore\4.4.15\httpcore-4.4.15.jar;D:\work\practice\Maven\apache-maven-3.9.4-bin\apache-maven-3.9.4\mvn_repo\org\jdom\jdom2\2.0.6.1\jdom2-2.0.6.1.jar;D:\work\practice\Maven\apache-maven-3.9.4-bin\apache-maven-3.9.4\mvn_repo\org\codehaus\jettison\jettison\1.1\jettison-1.1.jar;D:\work\practice\Maven\apache-maven-3.9.4-bin\apache-maven-3.9.4\mvn_repo\stax\stax-api\1.0.1\stax-api-1.0.1.jar;D:\work\practice\Maven\apache-maven-3.9.4-bin\apache-maven-3.9.4\mvn_repo\com\aliyun\aliyun-java-sdk-core\3.4.0\aliyun-java-sdk-core-3.4.0.jar;D:\work\practice\Maven\apache-maven-3.9.4-bin\apache-maven-3.9.4\mvn_repo\com\aliyun\aliyun-java-sdk-ram\3.0.0\aliyun-java-sdk-ram-3.0.0.jar;D:\work\practice\Maven\apache-maven-3.9.4-bin\apache-maven-3.9.4\mvn_repo\com\aliyun\aliyun-java-sdk-sts\3.0.0\aliyun-java-sdk-sts-3.0.0.jar;D:\work\practice\Maven\apache-maven-3.9.4-bin\apache-maven-3.9.4\mvn_repo\com\aliyun\aliyun-java-sdk-ecs\4.2.0\aliyun-java-sdk-ecs-4.2.0.jar;D:\work\practice\Maven\apache-maven-3.9.4-bin\apache-maven-3.9.4\mvn_repo\com\aliyun\aliyun-java-sdk-kms\2.7.0\aliyun-java-sdk-kms-2.7.0.jar;D:\work\practice\Maven\apache-maven-3.9.4-bin\apache-maven-3.9.4\mvn_repo\com\google\code\gson\gson\2.9.1\gson-2.9.1.jar;D:\work\practice\Maven\apache-maven-3.9.4-bin\apache-maven-3.9.4\mvn_repo\com\github\wechatpay-apiv3\wechatpay-apache-httpclient\0.4.8\wechatpay-apache-httpclient-0.4.8.jar;D:\work\practice\Maven\apache-maven-3.9.4-bin\apache-maven-3.9.4\mvn_repo\org\apache\httpcomponents\httpmime\4.5.13\httpmime-4.5.13.jar;D:\work\practice\Maven\apache-maven-3.9.4-bin\apache-maven-3.9.4\mvn_repo\com\EternalRights\ssmp-pojo\1.0-SNAPSHOT\ssmp-pojo-1.0-SNAPSHOT.jar;D:\work\practice\Maven\apache-maven-3.9.4-bin\apache-maven-3.9.4\mvn_repo\com\fasterxml\jackson\core\jackson-databind\2.13.3\jackson-databind-2.13.3.jar;D:\work\practice\Maven\apache-maven-3.9.4-bin\apache-maven-3.9.4\mvn_repo\com\fasterxml\jackson\core\jackson-annotations\2.13.3\jackson-annotations-2.13.3.jar;D:\work\practice\Maven\apache-maven-3.9.4-bin\apache-maven-3.9.4\mvn_repo\com\fasterxml\jackson\core\jackson-core\2.13.3\jackson-core-2.13.3.jar;D:\work\practice\Maven\apache-maven-3.9.4-bin\apache-maven-3.9.4\mvn_repo\org\springframework\boot\spring-boot-starter\2.7.3\spring-boot-starter-2.7.3.jar;D:\work\practice\Maven\apache-maven-3.9.4-bin\apache-maven-3.9.4\mvn_repo\org\springframework\boot\spring-boot\2.7.3\spring-boot-2.7.3.jar;D:\work\practice\Maven\apache-maven-3.9.4-bin\apache-maven-3.9.4\mvn_repo\org\springframework\spring-context\5.3.22\spring-context-5.3.22.jar;D:\work\practice\Maven\apache-maven-3.9.4-bin\apache-maven-3.9.4\mvn_repo\org\springframework\boot\spring-boot-autoconfigure\2.7.3\spring-boot-autoconfigure-2.7.3.jar;D:\work\practice\Maven\apache-maven-3.9.4-bin\apache-maven-3.9.4\mvn_repo\org\springframework\boot\spring-boot-starter-logging\2.7.3\spring-boot-starter-logging-2.7.3.jar;D:\work\practice\Maven\apache-maven-3.9.4-bin\apache-maven-3.9.4\mvn_repo\ch\qos\logback\logback-classic\1.2.11\logback-classic-1.2.11.jar;D:\work\practice\Maven\apache-maven-3.9.4-bin\apache-maven-3.9.4\mvn_repo\ch\qos\logback\logback-core\1.2.11\logback-core-1.2.11.jar;D:\work\practice\Maven\apache-maven-3.9.4-bin\apache-maven-3.9.4\mvn_repo\org\apache\logging\log4j\log4j-to-slf4j\2.17.2\log4j-to-slf4j-2.17.2.jar;D:\work\practice\Maven\apache-maven-3.9.4-bin\apache-maven-3.9.4\mvn_repo\org\apache\logging\log4j\log4j-api\2.17.2\log4j-api-2.17.2.jar;D:\work\practice\Maven\apache-maven-3.9.4-bin\apache-maven-3.9.4\mvn_repo\org\slf4j\jul-to-slf4j\1.7.36\jul-to-slf4j-1.7.36.jar;D:\work\practice\Maven\apache-maven-3.9.4-bin\apache-maven-3.9.4\mvn_repo\jakarta\annotation\jakarta.annotation-api\1.3.5\jakarta.annotation-api-1.3.5.jar;D:\work\practice\Maven\apache-maven-3.9.4-bin\apache-maven-3.9.4\mvn_repo\org\springframework\spring-core\5.3.22\spring-core-5.3.22.jar;D:\work\practice\Maven\apache-maven-3.9.4-bin\apache-maven-3.9.4\mvn_repo\org\springframework\spring-jcl\5.3.22\spring-jcl-5.3.22.jar;D:\work\practice\Maven\apache-maven-3.9.4-bin\apache-maven-3.9.4\mvn_repo\org\yaml\snakeyaml\1.30\snakeyaml-1.30.jar;D:\work\practice\Maven\apache-maven-3.9.4-bin\apache-maven-3.9.4\mvn_repo\org\springframework\boot\spring-boot-starter-test\2.7.3\spring-boot-starter-test-2.7.3.jar;D:\work\practice\Maven\apache-maven-3.9.4-bin\apache-maven-3.9.4\mvn_repo\org\springframework\boot\spring-boot-test\2.7.3\spring-boot-test-2.7.3.jar;D:\work\practice\Maven\apache-maven-3.9.4-bin\apache-maven-3.9.4\mvn_repo\org\springframework\boot\spring-boot-test-autoconfigure\2.7.3\spring-boot-test-autoconfigure-2.7.3.jar;D:\work\practice\Maven\apache-maven-3.9.4-bin\apache-maven-3.9.4\mvn_repo\com\jayway\jsonpath\json-path\2.7.0\json-path-2.7.0.jar;D:\work\practice\Maven\apache-maven-3.9.4-bin\apache-maven-3.9.4\mvn_repo\net\minidev\json-smart\2.4.8\json-smart-2.4.8.jar;D:\work\practice\Maven\apache-maven-3.9.4-bin\apache-maven-3.9.4\mvn_repo\net\minidev\accessors-smart\2.4.8\accessors-smart-2.4.8.jar;D:\work\practice\Maven\apache-maven-3.9.4-bin\apache-maven-3.9.4\mvn_repo\org\ow2\asm\asm\9.1\asm-9.1.jar;D:\work\practice\Maven\apache-maven-3.9.4-bin\apache-maven-3.9.4\mvn_repo\jakarta\xml\bind\jakarta.xml.bind-api\2.3.3\jakarta.xml.bind-api-2.3.3.jar;D:\work\practice\Maven\apache-maven-3.9.4-bin\apache-maven-3.9.4\mvn_repo\jakarta\activation\jakarta.activation-api\1.2.2\jakarta.activation-api-1.2.2.jar;D:\work\practice\Maven\apache-maven-3.9.4-bin\apache-maven-3.9.4\mvn_repo\org\assertj\assertj-core\3.22.0\assertj-core-3.22.0.jar;D:\work\practice\Maven\apache-maven-3.9.4-bin\apache-maven-3.9.4\mvn_repo\org\hamcrest\hamcrest\2.2\hamcrest-2.2.jar;D:\work\practice\Maven\apache-maven-3.9.4-bin\apache-maven-3.9.4\mvn_repo\org\junit\jupiter\junit-jupiter\5.8.2\junit-jupiter-5.8.2.jar;D:\work\practice\Maven\apache-maven-3.9.4-bin\apache-maven-3.9.4\mvn_repo\org\junit\jupiter\junit-jupiter-api\5.8.2\junit-jupiter-api-5.8.2.jar;D:\work\practice\Maven\apache-maven-3.9.4-bin\apache-maven-3.9.4\mvn_repo\org\opentest4j\opentest4j\1.2.0\opentest4j-1.2.0.jar;D:\work\practice\Maven\apache-maven-3.9.4-bin\apache-maven-3.9.4\mvn_repo\org\junit\platform\junit-platform-commons\1.8.2\junit-platform-commons-1.8.2.jar;D:\work\practice\Maven\apache-maven-3.9.4-bin\apache-maven-3.9.4\mvn_repo\org\apiguardian\apiguardian-api\1.1.2\apiguardian-api-1.1.2.jar;D:\work\practice\Maven\apache-maven-3.9.4-bin\apache-maven-3.9.4\mvn_repo\org\junit\jupiter\junit-jupiter-params\5.8.2\junit-jupiter-params-5.8.2.jar;D:\work\practice\Maven\apache-maven-3.9.4-bin\apache-maven-3.9.4\mvn_repo\org\junit\jupiter\junit-jupiter-engine\5.8.2\junit-jupiter-engine-5.8.2.jar;D:\work\practice\Maven\apache-maven-3.9.4-bin\apache-maven-3.9.4\mvn_repo\org\junit\platform\junit-platform-engine\1.8.2\junit-platform-engine-1.8.2.jar;D:\work\practice\Maven\apache-maven-3.9.4-bin\apache-maven-3.9.4\mvn_repo\org\mockito\mockito-core\4.5.1\mockito-core-4.5.1.jar;D:\work\practice\Maven\apache-maven-3.9.4-bin\apache-maven-3.9.4\mvn_repo\net\bytebuddy\byte-buddy\1.12.13\byte-buddy-1.12.13.jar;D:\work\practice\Maven\apache-maven-3.9.4-bin\apache-maven-3.9.4\mvn_repo\net\bytebuddy\byte-buddy-agent\1.12.13\byte-buddy-agent-1.12.13.jar;D:\work\practice\Maven\apache-maven-3.9.4-bin\apache-maven-3.9.4\mvn_repo\org\objenesis\objenesis\3.2\objenesis-3.2.jar;D:\work\practice\Maven\apache-maven-3.9.4-bin\apache-maven-3.9.4\mvn_repo\org\mockito\mockito-junit-jupiter\4.5.1\mockito-junit-jupiter-4.5.1.jar;D:\work\practice\Maven\apache-maven-3.9.4-bin\apache-maven-3.9.4\mvn_repo\org\skyscreamer\jsonassert\1.5.1\jsonassert-1.5.1.jar;D:\work\practice\Maven\apache-maven-3.9.4-bin\apache-maven-3.9.4\mvn_repo\com\vaadin\external\google\android-json\0.0.20131108.vaadin1\android-json-0.0.20131108.vaadin1.jar;D:\work\practice\Maven\apache-maven-3.9.4-bin\apache-maven-3.9.4\mvn_repo\org\springframework\spring-test\5.3.22\spring-test-5.3.22.jar;D:\work\practice\Maven\apache-maven-3.9.4-bin\apache-maven-3.9.4\mvn_repo\org\xmlunit\xmlunit-core\2.9.0\xmlunit-core-2.9.0.jar;D:\work\practice\Maven\apache-maven-3.9.4-bin\apache-maven-3.9.4\mvn_repo\org\springframework\boot\spring-boot-starter-web\2.7.3\spring-boot-starter-web-2.7.3.jar;D:\work\practice\Maven\apache-maven-3.9.4-bin\apache-maven-3.9.4\mvn_repo\org\springframework\boot\spring-boot-starter-tomcat\2.7.3\spring-boot-starter-tomcat-2.7.3.jar;D:\work\practice\Maven\apache-maven-3.9.4-bin\apache-maven-3.9.4\mvn_repo\org\apache\tomcat\embed\tomcat-embed-core\9.0.65\tomcat-embed-core-9.0.65.jar;D:\work\practice\Maven\apache-maven-3.9.4-bin\apache-maven-3.9.4\mvn_repo\org\apache\tomcat\embed\tomcat-embed-el\9.0.65\tomcat-embed-el-9.0.65.jar;D:\work\practice\Maven\apache-maven-3.9.4-bin\apache-maven-3.9.4\mvn_repo\org\apache\tomcat\embed\tomcat-embed-websocket\9.0.65\tomcat-embed-websocket-9.0.65.jar;D:\work\practice\Maven\apache-maven-3.9.4-bin\apache-maven-3.9.4\mvn_repo\org\springframework\spring-web\5.3.22\spring-web-5.3.22.jar;D:\work\practice\Maven\apache-maven-3.9.4-bin\apache-maven-3.9.4\mvn_repo\org\springframework\spring-beans\5.3.22\spring-beans-5.3.22.jar;D:\work\practice\Maven\apache-maven-3.9.4-bin\apache-maven-3.9.4\mvn_repo\org\springframework\spring-webmvc\5.3.22\spring-webmvc-5.3.22.jar;D:\work\practice\Maven\apache-maven-3.9.4-bin\apache-maven-3.9.4\mvn_repo\org\springframework\spring-aop\5.3.22\spring-aop-5.3.22.jar;D:\work\practice\Maven\apache-maven-3.9.4-bin\apache-maven-3.9.4\mvn_repo\org\springframework\spring-expression\5.3.22\spring-expression-5.3.22.jar;D:\work\practice\Maven\apache-maven-3.9.4-bin\apache-maven-3.9.4\mvn_repo\mysql\mysql-connector-java\8.0.30\mysql-connector-java-8.0.30.jar;D:\work\practice\Maven\apache-maven-3.9.4-bin\apache-maven-3.9.4\mvn_repo\org\mybatis\spring\boot\mybatis-spring-boot-starter\2.2.0\mybatis-spring-boot-starter-2.2.0.jar;D:\work\practice\Maven\apache-maven-3.9.4-bin\apache-maven-3.9.4\mvn_repo\org\springframework\boot\spring-boot-starter-jdbc\2.7.3\spring-boot-starter-jdbc-2.7.3.jar;D:\work\practice\Maven\apache-maven-3.9.4-bin\apache-maven-3.9.4\mvn_repo\com\zaxxer\HikariCP\4.0.3\HikariCP-4.0.3.jar;D:\work\practice\Maven\apache-maven-3.9.4-bin\apache-maven-3.9.4\mvn_repo\org\springframework\spring-jdbc\5.3.22\spring-jdbc-5.3.22.jar;D:\work\practice\Maven\apache-maven-3.9.4-bin\apache-maven-3.9.4\mvn_repo\org\mybatis\spring\boot\mybatis-spring-boot-autoconfigure\2.2.0\mybatis-spring-boot-autoconfigure-2.2.0.jar;D:\work\practice\Maven\apache-maven-3.9.4-bin\apache-maven-3.9.4\mvn_repo\org\mybatis\mybatis\3.5.7\mybatis-3.5.7.jar;D:\work\practice\Maven\apache-maven-3.9.4-bin\apache-maven-3.9.4\mvn_repo\org\mybatis\mybatis-spring\2.0.6\mybatis-spring-2.0.6.jar;D:\work\practice\Maven\apache-maven-3.9.4-bin\apache-maven-3.9.4\mvn_repo\org\projectlombok\lombok\1.18.30\lombok-1.18.30.jar;D:\work\practice\Maven\apache-maven-3.9.4-bin\apache-maven-3.9.4\mvn_repo\com\alibaba\fastjson\1.2.76\fastjson-1.2.76.jar;D:\work\practice\Maven\apache-maven-3.9.4-bin\apache-maven-3.9.4\mvn_repo\com\alibaba\druid-spring-boot-starter\1.2.1\druid-spring-boot-starter-1.2.1.jar;D:\work\practice\Maven\apache-maven-3.9.4-bin\apache-maven-3.9.4\mvn_repo\com\alibaba\druid\1.2.1\druid-1.2.1.jar;D:\work\practice\Maven\apache-maven-3.9.4-bin\apache-maven-3.9.4\mvn_repo\javax\annotation\javax.annotation-api\1.3.2\javax.annotation-api-1.3.2.jar;D:\work\practice\Maven\apache-maven-3.9.4-bin\apache-maven-3.9.4\mvn_repo\org\slf4j\slf4j-api\1.7.36\slf4j-api-1.7.36.jar;D:\work\practice\Maven\apache-maven-3.9.4-bin\apache-maven-3.9.4\mvn_repo\com\github\pagehelper\pagehelper-spring-boot-starter\1.3.0\pagehelper-spring-boot-starter-1.3.0.jar;D:\work\practice\Maven\apache-maven-3.9.4-bin\apache-maven-3.9.4\mvn_repo\com\github\pagehelper\pagehelper-spring-boot-autoconfigure\1.3.0\pagehelper-spring-boot-autoconfigure-1.3.0.jar;D:\work\practice\Maven\apache-maven-3.9.4-bin\apache-maven-3.9.4\mvn_repo\com\github\pagehelper\pagehelper\5.2.0\pagehelper-5.2.0.jar;D:\work\practice\Maven\apache-maven-3.9.4-bin\apache-maven-3.9.4\mvn_repo\com\github\jsqlparser\jsqlparser\3.2\jsqlparser-3.2.jar;D:\work\practice\Maven\apache-maven-3.9.4-bin\apache-maven-3.9.4\mvn_repo\org\aspectj\aspectjrt\1.9.4\aspectjrt-1.9.4.jar;D:\work\practice\Maven\apache-maven-3.9.4-bin\apache-maven-3.9.4\mvn_repo\org\aspectj\aspectjweaver\1.9.4\aspectjweaver-1.9.4.jar;D:\work\practice\Maven\apache-maven-3.9.4-bin\apache-maven-3.9.4\mvn_repo\com\github\xiaoymin\knife4j-spring-boot-starter\3.0.2\knife4j-spring-boot-starter-3.0.2.jar;D:\work\practice\Maven\apache-maven-3.9.4-bin\apache-maven-3.9.4\mvn_repo\com\github\xiaoymin\knife4j-spring-boot-autoconfigure\3.0.2\knife4j-spring-boot-autoconfigure-3.0.2.jar;D:\work\practice\Maven\apache-maven-3.9.4-bin\apache-maven-3.9.4\mvn_repo\com\github\xiaoymin\knife4j-spring\3.0.2\knife4j-spring-3.0.2.jar;D:\work\practice\Maven\apache-maven-3.9.4-bin\apache-maven-3.9.4\mvn_repo\com\github\xiaoymin\knife4j-annotations\3.0.2\knife4j-annotations-3.0.2.jar;D:\work\practice\Maven\apache-maven-3.9.4-bin\apache-maven-3.9.4\mvn_repo\io\swagger\swagger-annotations\1.5.22\swagger-annotations-1.5.22.jar;D:\work\practice\Maven\apache-maven-3.9.4-bin\apache-maven-3.9.4\mvn_repo\io\swagger\core\v3\swagger-annotations\2.1.2\swagger-annotations-2.1.2.jar;D:\work\practice\Maven\apache-maven-3.9.4-bin\apache-maven-3.9.4\mvn_repo\com\github\xiaoymin\knife4j-core\3.0.2\knife4j-core-3.0.2.jar;D:\work\practice\Maven\apache-maven-3.9.4-bin\apache-maven-3.9.4\mvn_repo\org\javassist\javassist\3.25.0-GA\javassist-3.25.0-GA.jar;D:\work\practice\Maven\apache-maven-3.9.4-bin\apache-maven-3.9.4\mvn_repo\io\springfox\springfox-swagger2\3.0.0\springfox-swagger2-3.0.0.jar;D:\work\practice\Maven\apache-maven-3.9.4-bin\apache-maven-3.9.4\mvn_repo\io\springfox\springfox-spi\3.0.0\springfox-spi-3.0.0.jar;D:\work\practice\Maven\apache-maven-3.9.4-bin\apache-maven-3.9.4\mvn_repo\io\springfox\springfox-schema\3.0.0\springfox-schema-3.0.0.jar;D:\work\practice\Maven\apache-maven-3.9.4-bin\apache-maven-3.9.4\mvn_repo\io\springfox\springfox-swagger-common\3.0.0\springfox-swagger-common-3.0.0.jar;D:\work\practice\Maven\apache-maven-3.9.4-bin\apache-maven-3.9.4\mvn_repo\io\springfox\springfox-spring-web\3.0.0\springfox-spring-web-3.0.0.jar;D:\work\practice\Maven\apache-maven-3.9.4-bin\apache-maven-3.9.4\mvn_repo\io\github\classgraph\classgraph\4.8.83\classgraph-4.8.83.jar;D:\work\practice\Maven\apache-maven-3.9.4-bin\apache-maven-3.9.4\mvn_repo\io\springfox\springfox-spring-webflux\3.0.0\springfox-spring-webflux-3.0.0.jar;D:\work\practice\Maven\apache-maven-3.9.4-bin\apache-maven-3.9.4\mvn_repo\org\mapstruct\mapstruct\1.3.1.Final\mapstruct-1.3.1.Final.jar;D:\work\practice\Maven\apache-maven-3.9.4-bin\apache-maven-3.9.4\mvn_repo\io\springfox\springfox-spring-webmvc\3.0.0\springfox-spring-webmvc-3.0.0.jar;D:\work\practice\Maven\apache-maven-3.9.4-bin\apache-maven-3.9.4\mvn_repo\io\springfox\springfox-core\3.0.0\springfox-core-3.0.0.jar;D:\work\practice\Maven\apache-maven-3.9.4-bin\apache-maven-3.9.4\mvn_repo\io\springfox\springfox-oas\3.0.0\springfox-oas-3.0.0.jar;D:\work\practice\Maven\apache-maven-3.9.4-bin\apache-maven-3.9.4\mvn_repo\io\swagger\core\v3\swagger-models\2.1.2\swagger-models-2.1.2.jar;D:\work\practice\Maven\apache-maven-3.9.4-bin\apache-maven-3.9.4\mvn_repo\io\springfox\springfox-bean-validators\3.0.0\springfox-bean-validators-3.0.0.jar;D:\work\practice\Maven\apache-maven-3.9.4-bin\apache-maven-3.9.4\mvn_repo\io\swagger\swagger-models\1.5.22\swagger-models-1.5.22.jar;D:\work\practice\Maven\apache-maven-3.9.4-bin\apache-maven-3.9.4\mvn_repo\io\swagger\swagger-core\1.5.22\swagger-core-1.5.22.jar;D:\work\practice\Maven\apache-maven-3.9.4-bin\apache-maven-3.9.4\mvn_repo\org\apache\commons\commons-lang3\3.12.0\commons-lang3-3.12.0.jar;D:\work\practice\Maven\apache-maven-3.9.4-bin\apache-maven-3.9.4\mvn_repo\com\fasterxml\jackson\dataformat\jackson-dataformat-yaml\2.13.3\jackson-dataformat-yaml-2.13.3.jar;D:\work\practice\Maven\apache-maven-3.9.4-bin\apache-maven-3.9.4\mvn_repo\com\google\guava\guava\27.0.1-android\guava-27.0.1-android.jar;D:\work\practice\Maven\apache-maven-3.9.4-bin\apache-maven-3.9.4\mvn_repo\com\google\guava\failureaccess\1.0.1\failureaccess-1.0.1.jar;D:\work\practice\Maven\apache-maven-3.9.4-bin\apache-maven-3.9.4\mvn_repo\com\google\guava\listenablefuture\9999.0-empty-to-avoid-conflict-with-guava\listenablefuture-9999.0-empty-to-avoid-conflict-with-guava.jar;D:\work\practice\Maven\apache-maven-3.9.4-bin\apache-maven-3.9.4\mvn_repo\com\google\code\findbugs\jsr305\3.0.2\jsr305-3.0.2.jar;D:\work\practice\Maven\apache-maven-3.9.4-bin\apache-maven-3.9.4\mvn_repo\org\checkerframework\checker-compat-qual\2.5.2\checker-compat-qual-2.5.2.jar;D:\work\practice\Maven\apache-maven-3.9.4-bin\apache-maven-3.9.4\mvn_repo\com\google\errorprone\error_prone_annotations\2.2.0\error_prone_annotations-2.2.0.jar;D:\work\practice\Maven\apache-maven-3.9.4-bin\apache-maven-3.9.4\mvn_repo\com\google\j2objc\j2objc-annotations\1.1\j2objc-annotations-1.1.jar;D:\work\practice\Maven\apache-maven-3.9.4-bin\apache-maven-3.9.4\mvn_repo\org\codehaus\mojo\animal-sniffer-annotations\1.17\animal-sniffer-annotations-1.17.jar;D:\work\practice\Maven\apache-maven-3.9.4-bin\apache-maven-3.9.4\mvn_repo\javax\validation\validation-api\2.0.1.Final\validation-api-2.0.1.Final.jar;D:\work\practice\Maven\apache-maven-3.9.4-bin\apache-maven-3.9.4\mvn_repo\io\springfox\springfox-boot-starter\3.0.0\springfox-boot-starter-3.0.0.jar;D:\work\practice\Maven\apache-maven-3.9.4-bin\apache-maven-3.9.4\mvn_repo\io\springfox\springfox-data-rest\3.0.0\springfox-data-rest-3.0.0.jar;D:\work\practice\Maven\apache-maven-3.9.4-bin\apache-maven-3.9.4\mvn_repo\com\fasterxml\classmate\1.5.1\classmate-1.5.1.jar;D:\work\practice\Maven\apache-maven-3.9.4-bin\apache-maven-3.9.4\mvn_repo\org\springframework\plugin\spring-plugin-core\2.0.0.RELEASE\spring-plugin-core-2.0.0.RELEASE.jar;D:\work\practice\Maven\apache-maven-3.9.4-bin\apache-maven-3.9.4\mvn_repo\org\springframework\plugin\spring-plugin-metadata\2.0.0.RELEASE\spring-plugin-metadata-2.0.0.RELEASE.jar;D:\work\practice\Maven\apache-maven-3.9.4-bin\apache-maven-3.9.4\mvn_repo\com\github\xiaoymin\knife4j-spring-ui\3.0.2\knife4j-spring-ui-3.0.2.jar;D:\work\practice\Maven\apache-maven-3.9.4-bin\apache-maven-3.9.4\mvn_repo\org\springframework\boot\spring-boot-starter-data-redis\2.7.3\spring-boot-starter-data-redis-2.7.3.jar;D:\work\practice\Maven\apache-maven-3.9.4-bin\apache-maven-3.9.4\mvn_repo\org\springframework\data\spring-data-redis\2.7.2\spring-data-redis-2.7.2.jar;D:\work\practice\Maven\apache-maven-3.9.4-bin\apache-maven-3.9.4\mvn_repo\org\springframework\data\spring-data-keyvalue\2.7.2\spring-data-keyvalue-2.7.2.jar;D:\work\practice\Maven\apache-maven-3.9.4-bin\apache-maven-3.9.4\mvn_repo\org\springframework\data\spring-data-commons\2.7.2\spring-data-commons-2.7.2.jar;D:\work\practice\Maven\apache-maven-3.9.4-bin\apache-maven-3.9.4\mvn_repo\org\springframework\spring-tx\5.3.22\spring-tx-5.3.22.jar;D:\work\practice\Maven\apache-maven-3.9.4-bin\apache-maven-3.9.4\mvn_repo\org\springframework\spring-oxm\5.3.22\spring-oxm-5.3.22.jar;D:\work\practice\Maven\apache-maven-3.9.4-bin\apache-maven-3.9.4\mvn_repo\io\lettuce\lettuce-core\6.1.9.RELEASE\lettuce-core-6.1.9.RELEASE.jar;D:\work\practice\Maven\apache-maven-3.9.4-bin\apache-maven-3.9.4\mvn_repo\io\netty\netty-common\4.1.79.Final\netty-common-4.1.79.Final.jar;D:\work\practice\Maven\apache-maven-3.9.4-bin\apache-maven-3.9.4\mvn_repo\io\netty\netty-handler\4.1.79.Final\netty-handler-4.1.79.Final.jar;D:\work\practice\Maven\apache-maven-3.9.4-bin\apache-maven-3.9.4\mvn_repo\io\netty\netty-resolver\4.1.79.Final\netty-resolver-4.1.79.Final.jar;D:\work\practice\Maven\apache-maven-3.9.4-bin\apache-maven-3.9.4\mvn_repo\io\netty\netty-buffer\4.1.79.Final\netty-buffer-4.1.79.Final.jar;D:\work\practice\Maven\apache-maven-3.9.4-bin\apache-maven-3.9.4\mvn_repo\io\netty\netty-transport-native-unix-common\4.1.79.Final\netty-transport-native-unix-common-4.1.79.Final.jar;D:\work\practice\Maven\apache-maven-3.9.4-bin\apache-maven-3.9.4\mvn_repo\io\netty\netty-codec\4.1.79.Final\netty-codec-4.1.79.Final.jar;D:\work\practice\Maven\apache-maven-3.9.4-bin\apache-maven-3.9.4\mvn_repo\io\netty\netty-transport\4.1.79.Final\netty-transport-4.1.79.Final.jar;D:\work\practice\Maven\apache-maven-3.9.4-bin\apache-maven-3.9.4\mvn_repo\io\projectreactor\reactor-core\3.4.22\reactor-core-3.4.22.jar;D:\work\practice\Maven\apache-maven-3.9.4-bin\apache-maven-3.9.4\mvn_repo\org\reactivestreams\reactive-streams\1.0.4\reactive-streams-1.0.4.jar;D:\work\practice\Maven\apache-maven-3.9.4-bin\apache-maven-3.9.4\mvn_repo\org\springframework\boot\spring-boot-starter-cache\2.7.3\spring-boot-starter-cache-2.7.3.jar;D:\work\practice\Maven\apache-maven-3.9.4-bin\apache-maven-3.9.4\mvn_repo\org\springframework\spring-context-support\5.3.22\spring-context-support-5.3.22.jar;D:\work\practice\Maven\apache-maven-3.9.4-bin\apache-maven-3.9.4\mvn_repo\org\springframework\boot\spring-boot-starter-websocket\2.7.3\spring-boot-starter-websocket-2.7.3.jar;D:\work\practice\Maven\apache-maven-3.9.4-bin\apache-maven-3.9.4\mvn_repo\org\springframework\spring-messaging\5.3.22\spring-messaging-5.3.22.jar;D:\work\practice\Maven\apache-maven-3.9.4-bin\apache-maven-3.9.4\mvn_repo\org\springframework\spring-websocket\5.3.22\spring-websocket-5.3.22.jar;D:\work\practice\Maven\apache-maven-3.9.4-bin\apache-maven-3.9.4\mvn_repo\javax\xml\bind\jaxb-api\2.3.1\jaxb-api-2.3.1.jar;D:\work\practice\Maven\apache-maven-3.9.4-bin\apache-maven-3.9.4\mvn_repo\javax\activation\javax.activation-api\1.2.0\javax.activation-api-1.2.0.jar;D:\work\practice\Maven\apache-maven-3.9.4-bin\apache-maven-3.9.4\mvn_repo\org\apache\poi\poi\3.16\poi-3.16.jar;D:\work\practice\Maven\apache-maven-3.9.4-bin\apache-maven-3.9.4\mvn_repo\commons-codec\commons-codec\1.15\commons-codec-1.15.jar;D:\work\practice\Maven\apache-maven-3.9.4-bin\apache-maven-3.9.4\mvn_repo\org\apache\commons\commons-collections4\4.1\commons-collections4-4.1.jar;D:\work\practice\Maven\apache-maven-3.9.4-bin\apache-maven-3.9.4\mvn_repo\org\apache\poi\poi-ooxml\3.16\poi-ooxml-3.16.jar;D:\work\practice\Maven\apache-maven-3.9.4-bin\apache-maven-3.9.4\mvn_repo\org\apache\poi\poi-ooxml-schemas\3.16\poi-ooxml-schemas-3.16.jar;D:\work\practice\Maven\apache-maven-3.9.4-bin\apache-maven-3.9.4\mvn_repo\org\apache\xmlbeans\xmlbeans\2.6.0\xmlbeans-2.6.0.jar;D:\work\practice\Maven\apache-maven-3.9.4-bin\apache-maven-3.9.4\mvn_repo\com\github\virtuald\curvesapi\1.04\curvesapi-1.04.jar;"/>
    <property name="sun.cpu.endian" value="little"/>
    <property name="user.home" value="C:\Users\yangquanheng"/>
    <property name="user.language" value="zh"/>
    <property name="java.specification.vendor" value="Oracle Corporation"/>
    <property name="java.version.date" value="2025-01-21"/>
    <property name="java.home" value="D:\ProgramHere\java\jdk-21_windows-x64_bin\jdk-21.0.6"/>
    <property name="file.separator" value="\"/>
    <property name="basedir" value="D:\work\practice\self-developed project\Self-service-medicine-purchase\back-end-code\ssmp-all\ssmp\ssmp-server"/>
    <property name="style.color" value="always"/>
    <property name="java.vm.compressedOopsMode" value="Zero based"/>
    <property name="line.separator" value="&#10;"/>
    <property name="java.vm.specification.vendor" value="Oracle Corporation"/>
    <property name="java.specification.name" value="Java Platform API Specification"/>
    <property name="surefire.real.class.path" value="C:\Users\YANGQU~1\AppData\Local\Temp\surefire14251535745971577791\surefirebooter12202561307414040313.jar"/>
    <property name="user.script" value=""/>
    <property name="sun.management.compiler" value="HotSpot 64-Bit Tiered Compilers"/>
    <property name="java.runtime.version" value="21.0.6+8-LTS-188"/>
    <property name="user.name" value="yangquanheng"/>
    <property name="stdout.encoding" value="GBK"/>
    <property name="path.separator" value=";"/>
    <property name="os.version" value="10.0"/>
    <property name="java.runtime.name" value="Java(TM) SE Runtime Environment"/>
    <property name="file.encoding" value="UTF-8"/>
    <property name="java.vm.name" value="Java HotSpot(TM) 64-Bit Server VM"/>
    <property name="maven.ext.class.path" value="D:\IDEA\IntelliJ IDEA Ultimate 2025.1.3\plugins\maven\lib\maven-event-listener.jar"/>
    <property name="localRepository" value="D:\work\practice\Maven\apache-maven-3.9.4-bin\apache-maven-3.9.4\mvn_repo"/>
    <property name="java.vendor.url.bug" value="https://bugreport.java.com/bugreport/"/>
    <property name="java.io.tmpdir" value="C:\Users\YANGQU~1\AppData\Local\Temp\"/>
    <property name="idea.version" value="2025.2.3"/>
    <property name="java.version" value="21.0.6"/>
    <property name="user.dir" value="D:\work\practice\self-developed project\Self-service-medicine-purchase\back-end-code\ssmp-all\ssmp\ssmp-server"/>
    <property name="os.arch" value="amd64"/>
    <property name="jansi.passthrough" value="true"/>
    <property name="java.vm.specification.name" value="Java Virtual Machine Specification"/>
    <property name="sun.os.patch.level" value=""/>
    <property name="native.encoding" value="GBK"/>
    <property name="java.library.path" value="D:\ProgramHere\java\jdk-21_windows-x64_bin\jdk-21.0.6\bin;C:\WINDOWS\Sun\Java\bin;C:\WINDOWS\system32;C:\WINDOWS;D:\VMware\bin\;C:\Windows\system32;C:\Windows;C:\Windows\System32\Wbem;C:\Windows\System32\WindowsPowerShell\v1.0\;C:\Windows\System32\OpenSSH\;C:\Program Files (x86)\NVIDIA Corporation\PhysX\Common;C:\Program Files\NVIDIA Corporation\NVIDIA NvDLISR;C:\Program Files\Bandizip\;C:\Program Files\TortoiseGit\bin;D:\Windows Kits\10\Windows Performance Toolkit\;D:\Visual Studio\Git\cmd;D:\mingw64\mingw64\bin;C:\Program Files\dotnet\;D:\ProgramHere\java\jdk-21_windows-x64_bin\jdk-21.0.6\bin;C:\WINDOWS\system32;C:\WINDOWS;C:\WINDOWS\System32\Wbem;C:\WINDOWS\System32\WindowsPowerShell\v1.0\;C:\WINDOWS\System32\OpenSSH\;D:\work\practice\Maven\apache-maven-3.9.4-bin\apache-maven-3.9.4\bin;D:\work\MySQL\MySQL\MySQL Server 8.0\bin;D:\work\NodeJs\;D:\MySQL\MySQL\MySQL Shell 8.0\bin\;C:\Users\yangquanheng\AppData\Local\Microsoft\WindowsApps;C:\Users\yangquanheng\AppData\Local\GitHubDesktop\bin;D:\VScode\Microsoft VS Code\bin;C:\Users\yangquanheng\.dotnet\tools;D:\IDEA\IntelliJ IDEA Community Edition 2025.1.3\bin;;D:\Python\PyCharm Community Edition 2025.1.1.1\bin;;C:\Users\yangquanheng\AppData\Roaming\npm;."/>
    <property name="java.vm.info" value="mixed mode, sharing"/>
    <property name="stderr.encoding" value="GBK"/>
    <property name="java.vendor" value="Oracle Corporation"/>
    <property name="java.vm.version" value="21.0.6+8-LTS-188"/>
    <property name="sun.io.unicode.encoding" value="UnicodeLittle"/>
    <property name="maven.repo.local" value="D:\work\practice\Maven\apache-maven-3.9.4-bin\apache-maven-3.9.4\mvn_repo"/>
    <property name="java.class.version" value="65.0"/>
  </properties>
  <testcase name="contextLoads" classname="com.eternalrights.SsmpServerApplicationTests" time="0.142"/>
</testsuite>